make all --print-data-base --no-builtin-variables --no-builtin-rules --question
# GNU Make 3.82
# Built for x86_64-redhat-linux-gnu
# Copyright (C) 2010  Free Software Foundation, Inc.
# License GPLv3+: GNU GPL version 3 or later <http://gnu.org/licenses/gpl.html>
# This is free software: you are free to change and redistribute it.
# There is NO WARRANTY, to the extent permitted by law.

# Make data base, printed on Tue Jul 26 10:52:02 2022

# Variables

# environment
GUESTFISH_INIT = \e[1;34m
# automatic
?F = $(notdir $?)
# automatic
<D = $(patsubst %/,%,$(dir $<))
# default
.SHELLFLAGS := -c
# environment
QTDIR = /usr/lib64/qt-3.3
# environment
VSCODE_AGENT_FOLDER = /home/wujintian/.vscode-server
# environment
MODULEPATH = /usr/share/Modules/modulefiles:/etc/modulefiles
# automatic
?D = $(patsubst %/,%,$(dir $?))
# automatic
@D = $(patsubst %/,%,$(dir $@))
# automatic
@F = $(notdir $@)
# environment
GUESTFISH_OUTPUT = \e[0m
# makefile
CURDIR := /home/wujintian/CoW_PM
# makefile
SHELL = /bin/sh
# environment
VSCODE_NLS_CONFIG = {"locale":"zh-cn","availableLanguages":{}}
# environment
_ = /usr/bin/make
# makefile
MAKEFILE_LIST := 
# environment
HISTCONTROL = ignoredups
# environment
XDG_DATA_DIRS = /home/wujintian/.local/share/flatpak/exports/share:/var/lib/flatpak/exports/share:/usr/local/share:/usr/share
# environment
PERL_MM_OPT = INSTALL_BASE=/home/wujintian/perl5
# environment
QT_PLUGIN_PATH = /usr/lib64/kde4/plugins:/usr/lib/kde4/plugins
# environment
GUESTFISH_PS1 = \[\e[1;32m\]><fs>\[\e[0;31m\] 
# environment
LESSOPEN = ||/usr/bin/lesspipe.sh %s
# environment
VSCODE_CWD = /home/wujintian
# environment
SSH_CONNECTION = 172.25.159.35 8101 172.25.45.148 22
# environment
PATH = /home/wujintian/.vscode-server/bin/3b889b090b5ad5793f524b5d1d39fda662b96a2a/bin/remote-cli:/home/wutian/test/apache-maven-3.8.5//bin:/usr/lib64/qt-3.3/bin:/home/wujintian/perl5/bin:/usr/bin:/bin:/usr/sbin:/sbin:/usr/local/sbin:/opt/netcat/bin:/home/wujintian/.local/bin:/home/wujintian/bin
# environment
QT_GRAPHICSSYSTEM_CHECKED = 1
# environment
ELECTRON_RUN_AS_NODE = 1
# default
.FEATURES := target-specific order-only second-expansion else-if shortest-stem undefine oneshell archives jobserver check-symlink
# automatic
%F = $(notdir $%)
# environment
KDEDIRS = /usr
# environment
PWD = /home/wujintian/CoW_PM
# environment
VSCODE_IPC_HOOK_CLI = /tmp/vscode-ipc-1b246b3a-3cc0-4110-8e95-ea82cab2edd7.sock
# automatic
*D = $(patsubst %/,%,$(dir $*))
# environment
VSCODE_AMD_ENTRYPOINT = vs/workbench/api/node/extensionHostProcess
# environment
HOME = /home/wujintian
# environment
PERL_MB_OPT = --install_base /home/wujintian/perl5
# environment
PERL_LOCAL_LIB_ROOT = :/home/wujintian/perl5
# environment
PERL5LIB = /home/wujintian/perl5/lib/perl5:
# environment
MODULESHOME = /usr/share/Modules
# environment
LOGNAME = wujintian
# environment
APPLICATION_INSIGHTS_NO_DIAGNOSTIC_CHANNEL = 1
# automatic
+F = $(notdir $+)
# environment
M2_HOME = /home/wutian/test/apache-maven-3.8.5/
# environment
VSCODE_HANDLES_UNCAUGHT_ERRORS = true
# automatic
^D = $(patsubst %/,%,$(dir $^))
# environment
HOSTNAME = node01
# environment
NETCAT_HOME = /opt/netcat
# environment
MAKELEVEL := 0
# environment
SSH_ASKPASS = /usr/libexec/openssh/gnome-ssh-askpass
# default
MAKE = $(MAKE_COMMAND)
# default
MAKECMDGOALS := all
# environment
SHLVL = 5
# default
MAKE_VERSION := 3.82
# environment
USER = wujintian
# environment
QTLIB = /usr/lib64/qt-3.3/lib
# automatic
%D = $(patsubst %/,%,$(dir $%))
# environment
define BASH_FUNC_module()
() {  eval `/usr/bin/modulecmd bash $*`
}
endef
# default
MAKE_COMMAND := make
# default
.VARIABLES := 
# environment
CVS_RSH = ssh
# automatic
*F = $(notdir $*)
# makefile
MAKEFLAGS = Rrqp
# environment
MFLAGS = -Rrqp
# environment
SSH_CLIENT = 172.25.159.35 8101 22
# environment
MAIL = /var/spool/mail/wujintian
# environment
LOADEDMODULES = 
# automatic
+D = $(patsubst %/,%,$(dir $+))
# environment
BROWSER = /home/wujintian/.vscode-server/bin/3b889b090b5ad5793f524b5d1d39fda662b96a2a/bin/helpers/browser.sh
# environment
VSCODE_HANDLES_SIGPIPE = true
# default
MAKEFILES := 
# automatic
<F = $(notdir $<)
# environment
LC_ALL = C
# automatic
^F = $(notdir $^)
# default
SUFFIXES := 
# environment
HISTSIZE = 1000
# default
.INCLUDE_DIRS = /usr/include /usr/local/include /usr/include
# environment
QTINC = /usr/lib64/qt-3.3/include
# default
.RECIPEPREFIX := 
# makefile
.DEFAULT_GOAL := 
# environment
LANG = C
# environment
GUESTFISH_RESTORE = \e[0m
# variable set hash-table stats:
# Load=81/1024=8%, Rehash=0, Collisions=8/100=8%

# Pattern-specific Variable Values

# No pattern-specific variable values.

# Directories

# . (device 2052, inode 10888794): 7 files, no impossibilities.

# 7 files, no impossibilities in 1 directories.

# Implicit Rules

# No implicit rules.

# Files

# Not a target:
all:
#  Command line target.
#  Implicit rule search has been done.
#  File does not exist.
#  File has not been updated.

# Not a target:
.SUFFIXES:
#  Implicit rule search has not been done.
#  Modification time never checked.
#  File has not been updated.

# Not a target:
Makefile:
#  Implicit rule search has been done.
#  File does not exist.
#  File has been updated.
#  Failed to be updated.

# Not a target:
makefile:
#  Implicit rule search has been done.
#  File does not exist.
#  File has been updated.
#  Failed to be updated.

# Not a target:
.DEFAULT:
#  Implicit rule search has not been done.
#  Modification time never checked.
#  File has not been updated.

# Not a target:
GNUmakefile:
#  Implicit rule search has been done.
#  File does not exist.
#  File has been updated.
#  Failed to be updated.

# files hash-table stats:
# Load=6/1024=1%, Rehash=0, Collisions=0/15=0%
# VPATH Search Paths

# No `vpath' search paths.

# No general (`VPATH' variable) search path.

# # of strings in strcache: 0 / lookups = 18 / hits = 18
# # of strcache buffers: 1 (* 8176 B/buffer = 8176 B)
# strcache used: total = 0 (133) / max = 0 / min = 8176 / avg = 0
# strcache free: total = 0 (8043) / max = 0 / min = 8176 / avg = 0

# strcache hash-table stats:
# Load=15/8192=0%, Rehash=0, Collisions=1/18=6%
# Finished Make data base on Tue Jul 26 10:52:02 2022

 
make: *** No rule to make target `all'.  Stop.

